<?xml version="1.0" encoding="UTF-8"?>
<!-- Generated by org.testng.reporters.JUnitXMLReporter -->
<testsuite ignored="5" hostname="DESKTOP-68HC2FU" failures="0" tests="3" name="Default test" time="19.907" errors="0" timestamp="2024-07-27T11:23:43 IST">
  <testcase classname="testClasses.LoginPageTestClass" name="verifyUnsuccessfulLogin" time="1.317"/>
  <testcase classname="testClasses.LoginPageTestClass" name="verifyUnsuccessfulLogin" time="1.38"/>
  <testcase classname="testClasses.LoginPageTestClass" name="verifyUnsuccessfulLogin" time="1.279"/>
  <testcase classname="testClasses.BaseClass" name="f" time="0.0">
    <ignored/>
  </testcase> <!-- f -->
  <testcase classname="testClasses.LoginPageTestClass" name="verifyTheExpectedPageisOpensWhileHittingTheUrl" time="0.0">
    <ignored/>
  </testcase> <!-- verifyTheExpectedPageisOpensWhileHittingTheUrl -->
  <testcase classname="testClasses.LoginPageTestClass" name="veryfyLogoIsDisplayedOrNotInLoginPage" time="0.0">
    <ignored/>
  </testcase> <!-- veryfyLogoIsDisplayedOrNotInLoginPage -->
  <testcase classname="testClasses.LoginPageTestClass" name="verifyAllLocationSessionsAreDisplayedOrNotInLoginPage" time="0.0">
    <ignored/>
  </testcase> <!-- verifyAllLocationSessionsAreDisplayedOrNotInLoginPage -->
  <testcase classname="testClasses.LoginPageTestClass" name="verfySuccesfullLogin" time="0.0">
    <ignored/>
  </testcase> <!-- verfySuccesfullLogin -->
</testsuite> <!-- Default test -->
