<?xml version="1.0" encoding="UTF-8"?>
<!-- Generated by org.testng.reporters.JUnitXMLReporter -->
<testsuite ignored="0" hostname="DESKTOP-68HC2FU" failures="2" tests="7" name="ChromeTest" time="56.431" errors="0" timestamp="2024-07-31T08:12:04 IST">
  <testcase classname="testClasses.HomePageTestClass" name="verifyAllTilesAreDisplayedInHomePage" time="3.167">
    <failure type="java.lang.ArrayIndexOutOfBoundsException" message="Index 9 out of bounds for length 9">
      <![CDATA[java.lang.ArrayIndexOutOfBoundsException: Index 9 out of bounds for length 9
at pageClasses.HomePageClass.verifyAllTilesAreDisplayedInHomePage(HomePageClass.java:47)
at testClasses.HomePageTestClass.verifyAllTilesAreDisplayedInHomePage(HomePageTestClass.java:20)
at java.base/java.util.ArrayList.forEach(ArrayList.java:1511)
at java.base/java.util.concurrent.FutureTask.run(FutureTask.java:264)
at java.base/java.util.concurrent.ThreadPoolExecutor.runWorker(ThreadPoolExecutor.java:1136)
at java.base/java.util.concurrent.ThreadPoolExecutor$Worker.run(ThreadPoolExecutor.java:635)
at java.base/java.lang.Thread.run(Thread.java:840)
... Removed 17 stack frames]]>
    </failure>
  </testcase> <!-- verifyAllTilesAreDisplayedInHomePage -->
  <testcase classname="testClasses.RegisterPatientTestClass" name="verifyToRegisterPatient" time="15.95"/>
  <testcase classname="testClasses.LoginPageTestClass" name="verifyTheExpectedPageisOpensWhileHittingTheUrl" time="0.019"/>
  <testcase classname="testClasses.LoginPageTestClass" name="veryfyLogoIsDisplayedOrNotInLoginPage" time="0.135"/>
  <testcase classname="testClasses.LoginPageTestClass" name="verfySuccesfullLogin" time="2.205"/>
  <testcase classname="testClasses.LoginPageTestClass" name="verifyUnsuccessfulLogin" time="0.0">
    <failure type="java.lang.RuntimeException" message="java.lang.IllegalStateException: Cannot get a STRING value from a NUMERIC cell">
      <![CDATA[java.lang.RuntimeException: java.lang.IllegalStateException: Cannot get a STRING value from a NUMERIC cell
at java.base/java.util.ArrayList.forEach(ArrayList.java:1511)
at java.base/java.util.concurrent.FutureTask.run(FutureTask.java:264)
at java.base/java.util.concurrent.ThreadPoolExecutor.runWorker(ThreadPoolExecutor.java:1136)
at java.base/java.util.concurrent.ThreadPoolExecutor$Worker.run(ThreadPoolExecutor.java:635)
at java.base/java.lang.Thread.run(Thread.java:840)
Caused by: java.lang.IllegalStateException: Cannot get a STRING value from a NUMERIC cell
at org.apache.poi.xssf.usermodel.XSSFCell.typeMismatch(XSSFCell.java:987)
at org.apache.poi.xssf.usermodel.XSSFCell.getRichStringCellValue(XSSFCell.java:336)
at org.apache.poi.xssf.usermodel.XSSFCell.getStringCellValue(XSSFCell.java:280)
at utilities.ExcelReadClass.getStringData(ExcelReadClass.java:30)
at testClasses.DataProviderClass.dp(DataProviderClass.java:18)
... 19 more
... Removed 22 stack frames]]>
    </failure>
  </testcase> <!-- verifyUnsuccessfulLogin -->
  <testcase classname="testClasses.LoginPageTestClass" name="verifyAllLocationSessionsAreDisplayedOrNotInLoginPage" time="0.22"/>
</testsuite> <!-- ChromeTest -->
