<?xml version="1.0" encoding="UTF-8"?>
<!-- Generated by org.testng.reporters.JUnitXMLReporter -->
<testsuite ignored="4" hostname="DESKTOP-68HC2FU" failures="1" tests="4" name="Test" time="61.949" errors="0" timestamp="2024-07-31T13:47:12 IST">
  <testcase classname="testClasses.LoginPageTestClass" name="verfySuccesfullLogin" time="2.234">
    <skipped/>
  </testcase> <!-- verfySuccesfullLogin -->
  <testcase classname="testClasses.LoginPageTestClass" name="verfySuccesfullLogin" time="2.183"/>
  <testcase classname="testClasses.LoginPageTestClass" name="verifyUnsuccessfulLogin" time="0.0">
    <failure type="java.lang.RuntimeException" message="java.lang.IllegalStateException: Cannot get a STRING value from a NUMERIC cell">
      <![CDATA[java.lang.RuntimeException: java.lang.IllegalStateException: Cannot get a STRING value from a NUMERIC cell
at java.base/java.util.ArrayList.forEach(ArrayList.java:1511)
Caused by: java.lang.IllegalStateException: Cannot get a STRING value from a NUMERIC cell
at org.apache.poi.xssf.usermodel.XSSFCell.typeMismatch(XSSFCell.java:987)
at org.apache.poi.xssf.usermodel.XSSFCell.getRichStringCellValue(XSSFCell.java:336)
at org.apache.poi.xssf.usermodel.XSSFCell.getStringCellValue(XSSFCell.java:280)
at utilities.ExcelReadClass.getStringData(ExcelReadClass.java:30)
at testClasses.DataProviderClass.dp(DataProviderClass.java:18)
... 25 more
... Removed 32 stack frames]]>
    </failure>
  </testcase> <!-- verifyUnsuccessfulLogin -->
  <testcase classname="testClasses.RegisterPatientTestClass" name="verifyToRegisterPatient" time="37.205"/>
  <testcase classname="testClasses.LoginPageTestClass" name="veryfyLogoIsDisplayedOrNotInLoginPage" time="0.0">
    <ignored/>
  </testcase> <!-- veryfyLogoIsDisplayedOrNotInLoginPage -->
  <testcase classname="testClasses.LoginPageTestClass" name="verifyTheExpectedPageisOpensWhileHittingTheUrl" time="0.0">
    <ignored/>
  </testcase> <!-- verifyTheExpectedPageisOpensWhileHittingTheUrl -->
  <testcase classname="testClasses.LoginPageTestClass" name="verifyAllLocationSessionsAreDisplayedOrNotInLoginPage" time="0.0">
    <ignored/>
  </testcase> <!-- verifyAllLocationSessionsAreDisplayedOrNotInLoginPage -->
  <testcase classname="testClasses.BaseClass" name="@BeforeSuite createReport" time="0.0">
    <ignored/>
  </testcase> <!-- @BeforeSuite createReport -->
</testsuite> <!-- Test -->
